[debug] [2022-03-07T13:16:02.502Z] ----------------------------------------------------------------------
[debug] [2022-03-07T13:16:02.504Z] Command:       /usr/local/bin/node /usr/local/bin/firebase emulators:start
[debug] [2022-03-07T13:16:02.505Z] CLI Version:   10.2.2
[debug] [2022-03-07T13:16:02.505Z] Platform:      linux
[debug] [2022-03-07T13:16:02.505Z] Node Version:  v16.13.1
[debug] [2022-03-07T13:16:02.505Z] Time:          Mon Mar 07 2022 14:16:02 GMT+0100 (Central European Standard Time)
[debug] [2022-03-07T13:16:02.506Z] ----------------------------------------------------------------------
[debug] 
[debug] [2022-03-07T13:16:02.601Z] > command requires scopes: ["email","openid","https://www.googleapis.com/auth/cloudplatformprojects.readonly","https://www.googleapis.com/auth/firebase","https://www.googleapis.com/auth/cloud-platform"]
[debug] [2022-03-07T13:16:02.602Z] > authorizing via signed-in user (martin@reiche.dev)
[info] i  emulators: Starting emulators: auth, functions, firestore, hosting, pubsub, storage {"metadata":{"emulator":{"name":"hub"},"message":"Starting emulators: auth, functions, firestore, hosting, pubsub, storage"}}
[debug] [2022-03-07T13:16:02.627Z] [hub] writing locator at /tmp/hub-convoi-track.json
[warn] ⚠  functions: The following emulators are not running, calls to these services from the Functions emulator will affect production: database {"metadata":{"emulator":{"name":"functions"},"message":"The following emulators are not running, calls to these services from the Functions emulator will affect production: \u001b[1mdatabase\u001b[22m"}}
[info] ✔  functions: Using node@16 from host. {"metadata":{"emulator":{"name":"functions"},"message":"Using node@16 from host."}}
[debug] [2022-03-07T13:16:02.647Z] defaultcredentials: writing to file /home/martin/.config/firebase/martin_reiche_dev_application_default_credentials.json
[debug] [2022-03-07T13:16:02.649Z] Setting GAC to /home/martin/.config/firebase/martin_reiche_dev_application_default_credentials.json {"metadata":{"emulator":{"name":"functions"},"message":"Setting GAC to /home/martin/.config/firebase/martin_reiche_dev_application_default_credentials.json"}}
[debug] [2022-03-07T13:16:02.652Z] >>> [apiv2][query] GET https://firebase.googleapis.com/v1beta1/projects/convoi-track/adminSdkConfig [none]
[debug] [2022-03-07T13:16:03.345Z] <<< [apiv2][status] GET https://firebase.googleapis.com/v1beta1/projects/convoi-track/adminSdkConfig 200
[debug] [2022-03-07T13:16:03.345Z] <<< [apiv2][body] GET https://firebase.googleapis.com/v1beta1/projects/convoi-track/adminSdkConfig {"projectId":"convoi-track","storageBucket":"convoi-track.appspot.com","locationId":"europe-west"}
[debug] [2022-03-07T13:16:03.395Z] Ignoring unsupported arg: projectId {"metadata":{"emulator":{"name":"firestore"},"message":"Ignoring unsupported arg: projectId"}}
[debug] [2022-03-07T13:16:03.396Z] Ignoring unsupported arg: auto_download {"metadata":{"emulator":{"name":"firestore"},"message":"Ignoring unsupported arg: auto_download"}}
[debug] [2022-03-07T13:16:03.397Z] Starting Firestore Emulator with command {"binary":"java","args":["-Dgoogle.cloud_firestore.debug_log_level=FINE","-Duser.language=en","-jar","/home/martin/.cache/firebase/emulators/cloud-firestore-emulator-v1.13.1.jar","--host","localhost","--port",8080,"--rules","/home/martin/private/convoi-track/firestore.rules","--functions_emulator","localhost:5001"],"optionalArgs":["port","webchannel_port","host","rules","functions_emulator","seed_from_export"],"joinArgs":false} {"metadata":{"emulator":{"name":"firestore"},"message":"Starting Firestore Emulator with command {\"binary\":\"java\",\"args\":[\"-Dgoogle.cloud_firestore.debug_log_level=FINE\",\"-Duser.language=en\",\"-jar\",\"/home/martin/.cache/firebase/emulators/cloud-firestore-emulator-v1.13.1.jar\",\"--host\",\"localhost\",\"--port\",8080,\"--rules\",\"/home/martin/private/convoi-track/firestore.rules\",\"--functions_emulator\",\"localhost:5001\"],\"optionalArgs\":[\"port\",\"webchannel_port\",\"host\",\"rules\",\"functions_emulator\",\"seed_from_export\"],\"joinArgs\":false}"}}
[info] i  firestore: Firestore Emulator logging to firestore-debug.log {"metadata":{"emulator":{"name":"firestore"},"message":"Firestore Emulator logging to \u001b[1mfirestore-debug.log\u001b[22m"}}
[debug] [2022-03-07T13:16:04.429Z] Mar 07, 2022 2:16:04 PM com.google.cloud.datastore.emulator.firestore.websocket.WebSocketServer start
INFO: Started WebSocket server on ws://localhost:35951
 {"metadata":{"emulator":{"name":"firestore"},"message":"Mar 07, 2022 2:16:04 PM com.google.cloud.datastore.emulator.firestore.websocket.WebSocketServer start\nINFO: Started WebSocket server on ws://localhost:35951\n"}}
[debug] [2022-03-07T13:16:04.474Z] API endpoint: http://localhost {"metadata":{"emulator":{"name":"firestore"},"message":"API endpoint: http://localhost"}}
[debug] [2022-03-07T13:16:04.474Z] :8080
If you are using a library that supports the FIRESTORE_EMULATOR_HOST environment variable, run:

   export FIRESTORE_EMULATOR_HOST=localhost:8080

Dev App Server is now running.

 {"metadata":{"emulator":{"name":"firestore"},"message":":8080\nIf you are using a library that supports the FIRESTORE_EMULATOR_HOST environment variable, run:\n\n   export FIRESTORE_EMULATOR_HOST=localhost:8080\n\nDev App Server is now running.\n\n"}}
[debug] [2022-03-07T13:16:19.516Z] Ignoring unsupported arg: projectId {"metadata":{"emulator":{"name":"pubsub"},"message":"Ignoring unsupported arg: projectId"}}
[debug] [2022-03-07T13:16:19.517Z] Ignoring unsupported arg: auto_download {"metadata":{"emulator":{"name":"pubsub"},"message":"Ignoring unsupported arg: auto_download"}}
[debug] [2022-03-07T13:16:19.517Z] Starting Pub/Sub Emulator with command {"binary":"/home/martin/.cache/firebase/emulators/pubsub-emulator-0.1.0/pubsub-emulator/bin/cloud-pubsub-emulator","args":["--host=localhost","--port=8085"],"optionalArgs":["port","host"],"joinArgs":true} {"metadata":{"emulator":{"name":"pubsub"},"message":"Starting Pub/Sub Emulator with command {\"binary\":\"/home/martin/.cache/firebase/emulators/pubsub-emulator-0.1.0/pubsub-emulator/bin/cloud-pubsub-emulator\",\"args\":[\"--host=localhost\",\"--port=8085\"],\"optionalArgs\":[\"port\",\"host\"],\"joinArgs\":true}"}}
[info] i  pubsub: Pub/Sub Emulator logging to pubsub-debug.log {"metadata":{"emulator":{"name":"pubsub"},"message":"Pub/Sub Emulator logging to \u001b[1mpubsub-debug.log\u001b[22m"}}
[debug] [2022-03-07T13:16:19.790Z] This is the Google Pub/Sub fake.
Implementation may be incomplete or differ from the real system.
 {"metadata":{"emulator":{"name":"pubsub"},"message":"This is the Google Pub/Sub fake.\nImplementation may be incomplete or differ from the real system.\n"}}
[debug] [2022-03-07T13:16:19.882Z] Mar 07, 2022 2:16:19 PM com.google.cloud.pubsub.testing.v1.Main main
INFO: IAM integration is disabled. IAM policy methods and ACL checks are not supported
 {"metadata":{"emulator":{"name":"pubsub"},"message":"Mar 07, 2022 2:16:19 PM com.google.cloud.pubsub.testing.v1.Main main\nINFO: IAM integration is disabled. IAM policy methods and ACL checks are not supported\n"}}
[debug] [2022-03-07T13:16:20.497Z] Mar 07, 2022 2:16:20 PM io.gapi.emulators.netty.NettyUtil applyJava7LongHostnameWorkaround
INFO: Applied Java 7 long hostname workaround.
 {"metadata":{"emulator":{"name":"pubsub"},"message":"Mar 07, 2022 2:16:20 PM io.gapi.emulators.netty.NettyUtil applyJava7LongHostnameWorkaround\nINFO: Applied Java 7 long hostname workaround.\n"}}
[debug] [2022-03-07T13:16:20.603Z] Mar 07, 2022 2:16:20 PM com.google.cloud.pubsub.testing.v1.Main main
INFO: Server started, listening on 8085
 {"metadata":{"emulator":{"name":"pubsub"},"message":"Mar 07, 2022 2:16:20 PM com.google.cloud.pubsub.testing.v1.Main main\nINFO: Server started, listening on 8085\n"}}
[debug] [2022-03-07T13:16:20.813Z] Ignoring unsupported arg: port {"metadata":{"emulator":{"name":"storage"},"message":"Ignoring unsupported arg: port"}}
[debug] [2022-03-07T13:16:20.963Z] Mar 07, 2022 2:16:20 PM io.gapi.emulators.grpc.GrpcServer$3 operationComplete
INFO: Adding handler(s) to newly registered Channel.
 {"metadata":{"emulator":{"name":"pubsub"},"message":"Mar 07, 2022 2:16:20 PM io.gapi.emulators.grpc.GrpcServer$3 operationComplete\nINFO: Adding handler(s) to newly registered Channel.\n"}}
[debug] [2022-03-07T13:16:21.165Z] Temp file directory for storage emulator: /tmp/firebase/storage/blobs {"metadata":{"emulator":{"name":"storage"},"message":"Temp file directory for storage emulator: /tmp/firebase/storage/blobs"}}
[debug] [2022-03-07T13:16:22.564Z] >>> [apiv2][query] GET https://firebasehosting.googleapis.com/v1beta1/projects/convoi-track/sites 
[debug] [2022-03-07T13:16:23.591Z] <<< [apiv2][status] GET https://firebasehosting.googleapis.com/v1beta1/projects/convoi-track/sites 200
[debug] [2022-03-07T13:16:23.591Z] <<< [apiv2][body] GET https://firebasehosting.googleapis.com/v1beta1/projects/convoi-track/sites {"sites":[{"name":"projects/299118814937/sites/convoi-track","defaultUrl":"https://convoi-track.web.app","appId":"1:299118814937:web:92eca9c0da8463e53940c8","type":"DEFAULT_SITE"}]}
[debug] [2022-03-07T13:16:23.591Z] >>> [apiv2][query] GET https://firebase.googleapis.com/v1beta1/projects/convoi-track/webApps/1:299118814937:web:92eca9c0da8463e53940c8/config [none]
[debug] [2022-03-07T13:16:24.520Z] <<< [apiv2][status] GET https://firebase.googleapis.com/v1beta1/projects/convoi-track/webApps/1:299118814937:web:92eca9c0da8463e53940c8/config 200
[debug] [2022-03-07T13:16:24.521Z] <<< [apiv2][body] GET https://firebase.googleapis.com/v1beta1/projects/convoi-track/webApps/1:299118814937:web:92eca9c0da8463e53940c8/config {"projectId":"convoi-track","appId":"1:299118814937:web:92eca9c0da8463e53940c8","storageBucket":"convoi-track.appspot.com","locationId":"europe-west","apiKey":"AIzaSyAdjpnOuqmbdtjsq61zyKhsVY9x6LQiOmY","authDomain":"convoi-track.firebaseapp.com","messagingSenderId":"299118814937"}
[info] i  hosting: Serving hosting files from: build {"metadata":{"emulator":{"name":"hosting"},"message":"Serving hosting files from: \u001b[1mbuild\u001b[22m"}}
[info] ✔  hosting: Local server: http://localhost:5000 {"metadata":{"emulator":{"name":"hosting"},"message":"Local server: \u001b[4m\u001b[1mhttp://localhost:5000\u001b[22m\u001b[24m"}}
[debug] [2022-03-07T13:16:24.576Z] Ignoring unsupported arg: auto_download {"metadata":{"emulator":{"name":"ui"},"message":"Ignoring unsupported arg: auto_download"}}
[debug] [2022-03-07T13:16:24.576Z] Ignoring unsupported arg: port {"metadata":{"emulator":{"name":"ui"},"message":"Ignoring unsupported arg: port"}}
[debug] [2022-03-07T13:16:24.576Z] Starting Emulator UI with command {"binary":"node","args":["/home/martin/.cache/firebase/emulators/ui-v1.6.5/server.bundle.js"],"optionalArgs":[],"joinArgs":false} {"metadata":{"emulator":{"name":"ui"},"message":"Starting Emulator UI with command {\"binary\":\"node\",\"args\":[\"/home/martin/.cache/firebase/emulators/ui-v1.6.5/server.bundle.js\"],\"optionalArgs\":[],\"joinArgs\":false}"}}
[info] i  ui: Emulator UI logging to ui-debug.log {"metadata":{"emulator":{"name":"ui"},"message":"Emulator UI logging to \u001b[1mui-debug.log\u001b[22m"}}
[debug] [2022-03-07T13:16:24.714Z] Web / API server started at localhost:4000
 {"metadata":{"emulator":{"name":"ui"},"message":"Web / API server started at localhost:4000\n"}}
[info] i  functions: Watching "/home/martin/private/convoi-track/functions" for Cloud Functions... {"metadata":{"emulator":{"name":"functions"},"message":"Watching \"/home/martin/private/convoi-track/functions\" for Cloud Functions..."}}
[debug] [2022-03-07T13:16:24.857Z] Validating nodejs source
[debug] [2022-03-07T13:16:26.212Z] > [functions] package.json contents: {
  "name": "functions",
  "scripts": {
    "lint": "eslint --ext .js,.ts .",
    "build": "tsc",
    "serve": "npm run build && firebase emulators:start --only functions",
    "shell": "npm run build && firebase functions:shell",
    "start": "npm run shell",
    "deploy": "firebase deploy --only functions",
    "logs": "firebase functions:log"
  },
  "engines": {
    "node": "16"
  },
  "main": "lib/index.js",
  "dependencies": {
    "firebase-admin": "^10.0.2",
    "firebase-functions": "^3.18.0"
  },
  "devDependencies": {
    "@typescript-eslint/eslint-plugin": "^5.12.0",
    "@typescript-eslint/parser": "^5.12.0",
    "eslint": "^8.9.0",
    "eslint-config-google": "^0.14.0",
    "eslint-plugin-import": "^2.25.4",
    "firebase-functions-test": "^0.2.0",
    "typescript": "^4.5.4"
  },
  "private": true
}
[debug] [2022-03-07T13:16:26.212Z] Building nodejs source
[debug] [2022-03-07T13:16:26.213Z] Analyzing nodejs backend spec
[debug] [2022-03-07T13:16:26.341Z] addFirestoreTrigger "{\"eventTrigger\":{\"eventType\":\"providers/cloud.firestore/eventTypes/document.create\",\"resource\":\"projects/convoi-track/databases/(default)/documents/admins/{id}\",\"service\":\"firestore.googleapis.com\"}}"
[debug] [2022-03-07T13:16:26.342Z] >>> HTTP REQUEST PUT http://localhost:8080/emulator/v1/projects/convoi-track/triggers/us-central1-addAdminUser-0  
 {"eventTrigger":{"eventType":"providers/cloud.firestore/eventTypes/document.create","resource":"projects/convoi-track/databases/(default)/documents/admins/{id}","service":"firestore.googleapis.com"}}
[debug] [2022-03-07T13:16:26.361Z] Mar 07, 2022 2:16:26 PM io.gapi.emulators.netty.HttpVersionRoutingHandler channelRead
INFO: Detected non-HTTP/2 connection.
 {"metadata":{"emulator":{"name":"firestore"},"message":"Mar 07, 2022 2:16:26 PM io.gapi.emulators.netty.HttpVersionRoutingHandler channelRead\nINFO: Detected non-HTTP/2 connection.\n"}}
[debug] [2022-03-07T13:16:26.612Z] Mar 07, 2022 2:16:26 PM io.gapi.emulators.netty.HttpVersionRoutingHandler channelRead
INFO: Detected HTTP/2 connection.
 {"metadata":{"emulator":{"name":"firestore"},"message":"Mar 07, 2022 2:16:26 PM io.gapi.emulators.netty.HttpVersionRoutingHandler channelRead\nINFO: Detected HTTP/2 connection.\n"}}
[debug] [2022-03-07T13:16:26.925Z] Mar 07, 2022 2:16:26 PM io.gapi.emulators.netty.HttpVersionRoutingHandler channelRead
INFO: Detected non-HTTP/2 connection.
 {"metadata":{"emulator":{"name":"firestore"},"message":"Mar 07, 2022 2:16:26 PM io.gapi.emulators.netty.HttpVersionRoutingHandler channelRead\nINFO: Detected non-HTTP/2 connection.\n"}}
[debug] [2022-03-07T13:16:26.994Z] Mar 07, 2022 2:16:26 PM io.gapi.emulators.netty.HttpVersionRoutingHandler channelRead
INFO: Detected non-HTTP/2 connection.
 {"metadata":{"emulator":{"name":"firestore"},"message":"Mar 07, 2022 2:16:26 PM io.gapi.emulators.netty.HttpVersionRoutingHandler channelRead\nINFO: Detected non-HTTP/2 connection.\n"}}
[debug] [2022-03-07T13:16:27.062Z] Mar 07, 2022 2:16:27 PM com.google.cloud.datastore.emulator.firestore.websocket.WebSocketChannelHandler initChannel
INFO: Connected to new websocket client
 {"metadata":{"emulator":{"name":"firestore"},"message":"Mar 07, 2022 2:16:27 PM com.google.cloud.datastore.emulator.firestore.websocket.WebSocketChannelHandler initChannel\nINFO: Connected to new websocket client\n"}}
[debug] [2022-03-07T13:16:27.153Z] Mar 07, 2022 2:16:27 PM io.gapi.emulators.netty.HttpVersionRoutingHandler channelRead
INFO: Detected non-HTTP/2 connection.
 {"metadata":{"emulator":{"name":"firestore"},"message":"Mar 07, 2022 2:16:27 PM io.gapi.emulators.netty.HttpVersionRoutingHandler channelRead\nINFO: Detected non-HTTP/2 connection.\n"}}
[debug] [2022-03-07T13:16:27.947Z] <<< HTTP RESPONSE 200 {"content-type":"application/json","content-length":"4"}
[info] ✔  functions[us-central1-addAdminUser]: firestore function initialized. {"metadata":{"emulator":{"name":"functions"},"message":"\u001b[1mfirestore\u001b[22m function initialized."}}
[debug] [2022-03-07T13:16:27.949Z] addFirestoreTrigger "{\"eventTrigger\":{\"eventType\":\"providers/cloud.firestore/eventTypes/document.delete\",\"resource\":\"projects/convoi-track/databases/(default)/documents/admins/{id}\",\"service\":\"firestore.googleapis.com\"}}"
[debug] [2022-03-07T13:16:27.949Z] >>> HTTP REQUEST PUT http://localhost:8080/emulator/v1/projects/convoi-track/triggers/us-central1-removeAdminUser-0  
 {"eventTrigger":{"eventType":"providers/cloud.firestore/eventTypes/document.delete","resource":"projects/convoi-track/databases/(default)/documents/admins/{id}","service":"firestore.googleapis.com"}}
[debug] [2022-03-07T13:16:27.953Z] Mar 07, 2022 2:16:27 PM io.gapi.emulators.netty.HttpVersionRoutingHandler channelRead
INFO: Detected non-HTTP/2 connection.
 {"metadata":{"emulator":{"name":"firestore"},"message":"Mar 07, 2022 2:16:27 PM io.gapi.emulators.netty.HttpVersionRoutingHandler channelRead\nINFO: Detected non-HTTP/2 connection.\n"}}
[debug] [2022-03-07T13:16:27.973Z] <<< HTTP RESPONSE 200 {"content-type":"application/json","content-length":"4"}
[info] ✔  functions[us-central1-removeAdminUser]: firestore function initialized. {"metadata":{"emulator":{"name":"functions"},"message":"\u001b[1mfirestore\u001b[22m function initialized."}}
[debug] [2022-03-07T13:16:27.975Z] addFirestoreTrigger "{\"eventTrigger\":{\"eventType\":\"providers/cloud.firestore/eventTypes/document.create\",\"resource\":\"projects/convoi-track/databases/(default)/documents/orga/{id}\",\"service\":\"firestore.googleapis.com\"}}"
[debug] [2022-03-07T13:16:27.979Z] >>> HTTP REQUEST PUT http://localhost:8080/emulator/v1/projects/convoi-track/triggers/us-central1-addOrgaUser-0  
 {"eventTrigger":{"eventType":"providers/cloud.firestore/eventTypes/document.create","resource":"projects/convoi-track/databases/(default)/documents/orga/{id}","service":"firestore.googleapis.com"}}
[debug] [2022-03-07T13:16:27.984Z] Mar 07, 2022 2:16:27 PM io.gapi.emulators.netty.HttpVersionRoutingHandler channelRead
INFO: Detected non-HTTP/2 connection.
 {"metadata":{"emulator":{"name":"firestore"},"message":"Mar 07, 2022 2:16:27 PM io.gapi.emulators.netty.HttpVersionRoutingHandler channelRead\nINFO: Detected non-HTTP/2 connection.\n"}}
[debug] [2022-03-07T13:16:28.012Z] <<< HTTP RESPONSE 200 {"content-type":"application/json","content-length":"4"}
[info] ✔  functions[us-central1-addOrgaUser]: firestore function initialized. {"metadata":{"emulator":{"name":"functions"},"message":"\u001b[1mfirestore\u001b[22m function initialized."}}
[debug] [2022-03-07T13:16:28.014Z] addFirestoreTrigger "{\"eventTrigger\":{\"eventType\":\"providers/cloud.firestore/eventTypes/document.delete\",\"resource\":\"projects/convoi-track/databases/(default)/documents/orga/{id}\",\"service\":\"firestore.googleapis.com\"}}"
[debug] [2022-03-07T13:16:28.014Z] >>> HTTP REQUEST PUT http://localhost:8080/emulator/v1/projects/convoi-track/triggers/us-central1-removeOrgaUser-0  
 {"eventTrigger":{"eventType":"providers/cloud.firestore/eventTypes/document.delete","resource":"projects/convoi-track/databases/(default)/documents/orga/{id}","service":"firestore.googleapis.com"}}
[debug] [2022-03-07T13:16:28.019Z] Mar 07, 2022 2:16:28 PM io.gapi.emulators.netty.HttpVersionRoutingHandler channelRead
INFO: Detected non-HTTP/2 connection.
 {"metadata":{"emulator":{"name":"firestore"},"message":"Mar 07, 2022 2:16:28 PM io.gapi.emulators.netty.HttpVersionRoutingHandler channelRead\nINFO: Detected non-HTTP/2 connection.\n"}}
[debug] [2022-03-07T13:16:28.031Z] <<< HTTP RESPONSE 200 {"content-type":"application/json","content-length":"4"}
[info] ✔  functions[us-central1-removeOrgaUser]: firestore function initialized. {"metadata":{"emulator":{"name":"functions"},"message":"\u001b[1mfirestore\u001b[22m function initialized."}}
[debug] [2022-03-07T13:16:28.033Z] addFirestoreTrigger "{\"eventTrigger\":{\"eventType\":\"providers/cloud.firestore/eventTypes/document.create\",\"resource\":\"projects/convoi-track/databases/(default)/documents/drivers/{id}\",\"service\":\"firestore.googleapis.com\"}}"
[debug] [2022-03-07T13:16:28.033Z] >>> HTTP REQUEST PUT http://localhost:8080/emulator/v1/projects/convoi-track/triggers/us-central1-addDriverUser-0  
 {"eventTrigger":{"eventType":"providers/cloud.firestore/eventTypes/document.create","resource":"projects/convoi-track/databases/(default)/documents/drivers/{id}","service":"firestore.googleapis.com"}}
[debug] [2022-03-07T13:16:28.049Z] Mar 07, 2022 2:16:28 PM io.gapi.emulators.netty.HttpVersionRoutingHandler channelRead
INFO: Detected non-HTTP/2 connection.
 {"metadata":{"emulator":{"name":"firestore"},"message":"Mar 07, 2022 2:16:28 PM io.gapi.emulators.netty.HttpVersionRoutingHandler channelRead\nINFO: Detected non-HTTP/2 connection.\n"}}
[debug] [2022-03-07T13:16:28.053Z] <<< HTTP RESPONSE 200 {"content-type":"application/json","content-length":"4"}
[info] ✔  functions[us-central1-addDriverUser]: firestore function initialized. {"metadata":{"emulator":{"name":"functions"},"message":"\u001b[1mfirestore\u001b[22m function initialized."}}
[debug] [2022-03-07T13:16:28.057Z] addFirestoreTrigger "{\"eventTrigger\":{\"eventType\":\"providers/cloud.firestore/eventTypes/document.delete\",\"resource\":\"projects/convoi-track/databases/(default)/documents/drivers/{id}\",\"service\":\"firestore.googleapis.com\"}}"
[debug] [2022-03-07T13:16:28.058Z] >>> HTTP REQUEST PUT http://localhost:8080/emulator/v1/projects/convoi-track/triggers/us-central1-removeDriverUser-0  
 {"eventTrigger":{"eventType":"providers/cloud.firestore/eventTypes/document.delete","resource":"projects/convoi-track/databases/(default)/documents/drivers/{id}","service":"firestore.googleapis.com"}}
[debug] [2022-03-07T13:16:28.072Z] Mar 07, 2022 2:16:28 PM io.gapi.emulators.netty.HttpVersionRoutingHandler channelRead
INFO: Detected non-HTTP/2 connection.
 {"metadata":{"emulator":{"name":"firestore"},"message":"Mar 07, 2022 2:16:28 PM io.gapi.emulators.netty.HttpVersionRoutingHandler channelRead\nINFO: Detected non-HTTP/2 connection.\n"}}
[debug] [2022-03-07T13:16:28.085Z] <<< HTTP RESPONSE 200 {"content-type":"application/json","content-length":"4"}
[info] ✔  functions[us-central1-removeDriverUser]: firestore function initialized. {"metadata":{"emulator":{"name":"functions"},"message":"\u001b[1mfirestore\u001b[22m function initialized."}}
[info] 
┌─────────────────────────────────────────────────────────────┐
│ ✔  All emulators ready! It is now safe to connect your app. │
│ i  View Emulator UI at http://localhost:4000                │
└─────────────────────────────────────────────────────────────┘

┌────────────────┬────────────────┬─────────────────────────────────┐
│ Emulator       │ Host:Port      │ View in Emulator UI             │
├────────────────┼────────────────┼─────────────────────────────────┤
│ Authentication │ localhost:9099 │ http://localhost:4000/auth      │
├────────────────┼────────────────┼─────────────────────────────────┤
│ Functions      │ localhost:5001 │ http://localhost:4000/functions │
├────────────────┼────────────────┼─────────────────────────────────┤
│ Firestore      │ localhost:8080 │ http://localhost:4000/firestore │
├────────────────┼────────────────┼─────────────────────────────────┤
│ Hosting        │ localhost:5000 │ n/a                             │
├────────────────┼────────────────┼─────────────────────────────────┤
│ Pub/Sub        │ localhost:8085 │ n/a                             │
├────────────────┼────────────────┼─────────────────────────────────┤
│ Storage        │ localhost:9199 │ http://localhost:4000/storage   │
└────────────────┴────────────────┴─────────────────────────────────┘
  Emulator Hub running at localhost:4400
  Other reserved ports: 4500

Issues? Report them at https://github.com/firebase/firebase-tools/issues and attach the *-debug.log files.
 
[debug] [2022-03-07T13:16:28.336Z] Mar 07, 2022 2:16:28 PM io.gapi.emulators.netty.HttpVersionRoutingHandler channelRead
INFO: Detected non-HTTP/2 connection.
 {"metadata":{"emulator":{"name":"firestore"},"message":"Mar 07, 2022 2:16:28 PM io.gapi.emulators.netty.HttpVersionRoutingHandler channelRead\nINFO: Detected non-HTTP/2 connection.\n"}}
[debug] [2022-03-07T13:16:28.383Z] Mar 07, 2022 2:16:28 PM io.gapi.emulators.netty.HttpVersionRoutingHandler channelRead
INFO: Detected non-HTTP/2 connection.
Mar 07, 2022 2:16:28 PM io.gapi.emulators.netty.HttpVersionRoutingHandler channelRead
INFO: Detected non-HTTP/2 connection.
 {"metadata":{"emulator":{"name":"firestore"},"message":"Mar 07, 2022 2:16:28 PM io.gapi.emulators.netty.HttpVersionRoutingHandler channelRead\nINFO: Detected non-HTTP/2 connection.\nMar 07, 2022 2:16:28 PM io.gapi.emulators.netty.HttpVersionRoutingHandler channelRead\nINFO: Detected non-HTTP/2 connection.\n"}}
